<?xml version="1.0" encoding="UTF-8"?>
<!-- Generated by org.testng.reporters.JUnitXMLReporter -->
<testsuite ignored="2" hostname="PC" failures="0" tests="3" name="Test3" time="37.852" errors="0" timestamp="2023-03-01T14:01:32 IST">
  <testcase classname="com.BStore.testcases.TC_VerifySignupAndLoginTest" name="Verifylogin" time="8.053"/>
  <testcase classname="com.BStore.testcases.TC_VerifyOrderAllTypeGadgets" name="orderPhones" time="9.06"/>
  <testcase classname="com.BStore.testcases.TC_VerifyLoginDataDriven" name="Verifylogin_DataDriven" time="0.0">
    <skipped/>
  </testcase> <!-- Verifylogin_DataDriven -->
  <testcase classname="com.BStore.testcases.TC_VerifySignupAndLoginTest" name="verifySignup" time="0.0">
    <ignored/>
  </testcase> <!-- verifySignup -->
  <testcase classname="com.BStore.testcases.TC_VerifySignupDataDriven" name="verifySignup_DataDriven" time="0.0">
    <ignored/>
  </testcase> <!-- verifySignup_DataDriven -->
</testsuite> <!-- Test3 -->
