<?xml version="1.0" encoding="UTF-8"?>
<!-- Generated by org.testng.reporters.JUnitXMLReporter -->
<testsuite ignored="2" hostname="PC" failures="0" tests="4" name="Test1" time="61.842" errors="0" timestamp="2023-03-01T19:40:07 IST">
  <testcase classname="com.BStore.testcases.TC_VerifySignupAndLoginTest" name="Verifylogin" time="8.922"/>
  <testcase classname="com.BStore.testcases.TC_VerifyOrderAllTypeGadgets" name="orderPhones" time="7.236"/>
  <testcase classname="com.BStore.testcases.TC_VerifyLoginDataDriven" name="Verifylogin_DataDriven" time="14.901"/>
  <testcase classname="com.BStore.testcases.TC_VerifyLoginDataDriven" name="Verifylogin_DataDriven" time="14.407"/>
  <testcase classname="com.BStore.testcases.TC_VerifySignupAndLoginTest" name="verifySignup" time="0.0">
    <ignored/>
  </testcase> <!-- verifySignup -->
  <testcase classname="com.BStore.testcases.TC_VerifySignupDataDriven" name="verifySignup_DataDriven" time="0.0">
    <ignored/>
  </testcase> <!-- verifySignup_DataDriven -->
</testsuite> <!-- Test1 -->
