<?xml version="1.0" encoding="UTF-8"?>
<testng-results ignored="2" total="6" passed="4" failed="0" skipped="0">
  <reporter-output>
  </reporter-output>
  <suite started-at="2023-03-01T19:39:05 IST" name="Suite" finished-at="2023-03-01T19:40:07 IST" duration-ms="61842">
    <groups>
    </groups>
    <test started-at="2023-03-01T19:39:05 IST" name="Test1" finished-at="2023-03-01T19:40:07 IST" duration-ms="61842">
      <class name="com.BStore.testcases.TC_VerifyLoginDataDriven">
        <test-method is-config="true" signature="setup(java.lang.String)[pri:0, instance:com.BStore.testcases.TC_VerifyLoginDataDriven@3835c46]" started-at="2023-03-01T19:39:32 IST" name="setup" finished-at="2023-03-01T19:39:36 IST" duration-ms="4576" status="PASS">
          <params>
            <param index="0">
              <value>
                <![CDATA[chrome]]>
              </value>
            </param>
          </params>
          <reporter-output>
          </reporter-output>
        </test-method> <!-- setup -->
        <test-method signature="Verifylogin_DataDriven(java.lang.String,java.lang.String,java.lang.String)[pri:0, instance:com.BStore.testcases.TC_VerifyLoginDataDriven@3835c46]" started-at="2023-03-01T19:39:38 IST" name="Verifylogin_DataDriven" data-provider="LoginDataProvider" finished-at="2023-03-01T19:39:52 IST" duration-ms="14901" status="PASS">
          <params>
            <param index="0">
              <value>
                <![CDATA[TestUser152]]>
              </value>
            </param>
            <param index="1">
              <value>
                <![CDATA[admin1]]>
              </value>
            </param>
            <param index="2">
              <value>
                <![CDATA[Welcome TestUser152]]>
              </value>
            </param>
          </params>
          <reporter-output>
          </reporter-output>
        </test-method> <!-- Verifylogin_DataDriven -->
        <test-method signature="Verifylogin_DataDriven(java.lang.String,java.lang.String,java.lang.String)[pri:0, instance:com.BStore.testcases.TC_VerifyLoginDataDriven@3835c46]" started-at="2023-03-01T19:39:52 IST" name="Verifylogin_DataDriven" data-provider="LoginDataProvider" finished-at="2023-03-01T19:40:07 IST" duration-ms="14407" status="PASS">
          <params>
            <param index="0">
              <value>
                <![CDATA[TestUser153]]>
              </value>
            </param>
            <param index="1">
              <value>
                <![CDATA[admin2]]>
              </value>
            </param>
            <param index="2">
              <value>
                <![CDATA[Welcome TestUser153]]>
              </value>
            </param>
          </params>
          <reporter-output>
          </reporter-output>
        </test-method> <!-- Verifylogin_DataDriven -->
        <test-method is-config="true" signature="tearDown()[pri:0, instance:com.BStore.testcases.TC_VerifyLoginDataDriven@3835c46]" started-at="2023-03-01T19:40:07 IST" name="tearDown" finished-at="2023-03-01T19:40:07 IST" duration-ms="170" status="PASS">
          <reporter-output>
          </reporter-output>
        </test-method> <!-- tearDown -->
      </class> <!-- com.BStore.testcases.TC_VerifyLoginDataDriven -->
      <class name="com.BStore.testcases.TC_VerifySignupAndLoginTest">
        <test-method is-config="true" signature="setup(java.lang.String)[pri:0, instance:com.BStore.testcases.TC_VerifySignupAndLoginTest@61df66b6]" started-at="2023-03-01T19:39:06 IST" name="setup" finished-at="2023-03-01T19:39:11 IST" duration-ms="5534" status="PASS">
          <params>
            <param index="0">
              <value>
                <![CDATA[chrome]]>
              </value>
            </param>
          </params>
          <reporter-output>
          </reporter-output>
        </test-method> <!-- setup -->
        <test-method signature="Verifylogin()[pri:0, instance:com.BStore.testcases.TC_VerifySignupAndLoginTest@61df66b6]" started-at="2023-03-01T19:39:11 IST" name="Verifylogin" finished-at="2023-03-01T19:39:20 IST" duration-ms="8922" status="PASS">
          <reporter-output>
          </reporter-output>
        </test-method> <!-- Verifylogin -->
        <test-method is-config="true" signature="tearDown()[pri:0, instance:com.BStore.testcases.TC_VerifySignupAndLoginTest@61df66b6]" started-at="2023-03-01T19:39:20 IST" name="tearDown" finished-at="2023-03-01T19:39:20 IST" duration-ms="197" status="PASS">
          <reporter-output>
          </reporter-output>
        </test-method> <!-- tearDown -->
      </class> <!-- com.BStore.testcases.TC_VerifySignupAndLoginTest -->
      <class name="com.BStore.testcases.TC_VerifyOrderAllTypeGadgets">
        <test-method is-config="true" signature="setup(java.lang.String)[pri:0, instance:com.BStore.testcases.TC_VerifyOrderAllTypeGadgets@20deea7f]" started-at="2023-03-01T19:39:20 IST" name="setup" finished-at="2023-03-01T19:39:24 IST" duration-ms="4168" status="PASS">
          <params>
            <param index="0">
              <value>
                <![CDATA[chrome]]>
              </value>
            </param>
          </params>
          <reporter-output>
          </reporter-output>
        </test-method> <!-- setup -->
        <test-method signature="orderPhones()[pri:0, instance:com.BStore.testcases.TC_VerifyOrderAllTypeGadgets@20deea7f]" started-at="2023-03-01T19:39:24 IST" name="orderPhones" finished-at="2023-03-01T19:39:32 IST" duration-ms="7236" status="PASS">
          <reporter-output>
          </reporter-output>
        </test-method> <!-- orderPhones -->
        <test-method is-config="true" signature="tearDown()[pri:0, instance:com.BStore.testcases.TC_VerifyOrderAllTypeGadgets@20deea7f]" started-at="2023-03-01T19:39:32 IST" name="tearDown" finished-at="2023-03-01T19:39:32 IST" duration-ms="198" status="PASS">
          <reporter-output>
          </reporter-output>
        </test-method> <!-- tearDown -->
      </class> <!-- com.BStore.testcases.TC_VerifyOrderAllTypeGadgets -->
    </test> <!-- Test1 -->
  </suite> <!-- Suite -->
</testng-results>
